time="2022-10-18T13:06:29+03:00" level=info msg="Create router" func="main.main()" file="app.go:15"
time="2022-10-18T13:06:29+03:00" level=info msg="Register user handler" func="main.main()" file="app.go:18"
time="2022-10-18T13:06:29+03:00" level=info msg="Start application" func="main.start()" file="app.go:28"
time="2022-10-18T13:06:29+03:00" level=info msg="server is listening 0.0.0.0:1234" func="main.start()" file="app.go:40"
time="2022-10-18T20:36:25+03:00" level=info msg="Create router" func="main.main()" file="app.go:20"
time="2022-10-18T20:36:25+03:00" level=info msg="read application configuration" func="restApi/internal/config.GetConfig.func1()" file="config.go:25"
time="2022-10-18T20:36:25+03:00" level=info msg="Register user handler" func="main.main()" file="app.go:25"
time="2022-10-18T20:36:25+03:00" level=info msg="Start application" func="main.start()" file="app.go:34"
time="2022-10-18T20:36:25+03:00" level=info msg="listen tcp" func="main.start()" file="app.go:51"
time="2022-10-18T20:36:25+03:00" level=info msg="server is listening port 127.0.0.1:10000" func="main.start()" file="app.go:65"
time="2022-10-18T20:41:47+03:00" level=info msg="Create router" func="main.main()" file="app.go:20"
time="2022-10-18T20:41:47+03:00" level=info msg="read application configuration" func="restApi/internal/config.GetConfig.func1()" file="config.go:25"
time="2022-10-18T20:41:47+03:00" level=info msg="Register user handler" func="main.main()" file="app.go:25"
time="2022-10-18T20:41:47+03:00" level=info msg="Start application" func="main.start()" file="app.go:34"
time="2022-10-18T20:41:47+03:00" level=info msg="detect appPath" func="main.start()" file="app.go:40"
time="2022-10-18T20:41:47+03:00" level=info msg="create socket" func="main.start()" file="app.go:45"
time="2022-10-18T20:41:47+03:00" level=info msg="listen unix socket" func="main.start()" file="app.go:48"
time="2022-10-18T20:41:47+03:00" level=info msg="server is listening uxin socket: /Users/olehpopkov/GolandProjects/restApi/build/app.sock" func="main.start()" file="app.go:50"
time="2022-10-20T21:12:53+03:00" level=info msg="Create router" func="main.main()" file="app.go:21"
time="2022-10-20T21:12:53+03:00" level=info msg="read application configuration" func="restApi/internal/config.GetConfig.func1()" file="config.go:25"
time="2022-10-20T21:12:53+03:00" level=info msg="Register user handler" func="main.main()" file="app.go:26"
time="2022-10-20T21:12:53+03:00" level=info msg="Start application" func="main.start()" file="app.go:38"
time="2022-10-20T21:12:53+03:00" level=info msg="detect appPath" func="main.start()" file="app.go:44"
time="2022-10-20T21:12:53+03:00" level=info msg="create socket" func="main.start()" file="app.go:49"
time="2022-10-20T21:12:53+03:00" level=info msg="listen unix socket" func="main.start()" file="app.go:52"
time="2022-10-20T21:12:53+03:00" level=info msg="server is listening uxin socket: /private/var/folders/qf/44g14fwj6w951f9t_tjysg_r0000gn/T/GoLand/app.sock" func="main.start()" file="app.go:54"
time="2022-10-20T21:14:27+03:00" level=info msg="Create router" func="main.main()" file="app.go:21"
time="2022-10-20T21:14:27+03:00" level=info msg="read application configuration" func="restApi/internal/config.GetConfig.func1()" file="config.go:25"
time="2022-10-20T21:14:27+03:00" level=info msg="Register user handler" func="main.main()" file="app.go:26"
time="2022-10-20T21:14:27+03:00" level=info msg="Start application" func="main.start()" file="app.go:38"
time="2022-10-20T21:14:27+03:00" level=info msg="listen tcp" func="main.start()" file="app.go:56"
time="2022-10-20T21:14:27+03:00" level=info msg="server is listening port 127.0.0.1:10000" func="main.start()" file="app.go:58"
